2017-04-26 14:41:31,643 [main] INFO  [org.springframework.test.context.support.DefaultTestContextBootstrapper] - Loaded default TestExecutionListener class names from location [META-INF/spring.factories]: [org.springframework.test.context.web.ServletTestExecutionListener, org.springframework.test.context.support.DirtiesContextBeforeModesTestExecutionListener, org.springframework.test.context.support.DependencyInjectionTestExecutionListener, org.springframework.test.context.support.DirtiesContextTestExecutionListener, org.springframework.test.context.transaction.TransactionalTestExecutionListener, org.springframework.test.context.jdbc.SqlScriptsTestExecutionListener]
2017-04-26 14:41:31,665 [main] INFO  [org.springframework.test.context.support.DefaultTestContextBootstrapper] - Using TestExecutionListeners: [org.springframework.test.context.web.ServletTestExecutionListener@65e2dbf3, org.springframework.test.context.support.DirtiesContextBeforeModesTestExecutionListener@4f970963, org.springframework.test.context.support.DependencyInjectionTestExecutionListener@61f8bee4, org.springframework.test.context.support.DirtiesContextTestExecutionListener@7b49cea0, org.springframework.test.context.transaction.TransactionalTestExecutionListener@887af79, org.springframework.test.context.jdbc.SqlScriptsTestExecutionListener@7fac631b]
2017-04-26 14:41:32,018 [main] INFO  [org.springframework.beans.factory.xml.XmlBeanDefinitionReader] - Loading XML bean definitions from URL [file:/D:/workspace/scm/target/classes/spring-context.xml]
2017-04-26 14:41:32,518 [main] INFO  [org.springframework.context.support.GenericApplicationContext] - Refreshing org.springframework.context.support.GenericApplicationContext@2d8f65a4: startup date [Wed Apr 26 14:41:32 CST 2017]; root of context hierarchy
2017-04-26 14:41:32,790 [main] INFO  [org.springframework.context.support.PropertySourcesPlaceholderConfigurer] - Loading properties file from class path resource [scm.properties]
2017-04-26 14:41:32,863 [main] INFO  [org.springframework.scheduling.concurrent.ThreadPoolTaskExecutor] - Initializing ExecutorService 
2017-04-26 14:41:32,876 [main] INFO  [org.springframework.context.support.PostProcessorRegistrationDelegate$BeanPostProcessorChecker] - Bean 'executor' of type [class org.springframework.scheduling.config.TaskExecutorFactoryBean] is not eligible for getting processed by all BeanPostProcessors (for example: not eligible for auto-proxying)
2017-04-26 14:41:32,877 [main] INFO  [org.springframework.context.support.PostProcessorRegistrationDelegate$BeanPostProcessorChecker] - Bean 'executor' of type [class org.springframework.scheduling.concurrent.ThreadPoolTaskExecutor] is not eligible for getting processed by all BeanPostProcessors (for example: not eligible for auto-proxying)
2017-04-26 14:41:32,894 [main] INFO  [org.springframework.scheduling.concurrent.ThreadPoolTaskScheduler] - Initializing ExecutorService  'scheduler'
2017-04-26 14:41:32,895 [main] INFO  [org.springframework.context.support.PostProcessorRegistrationDelegate$BeanPostProcessorChecker] - Bean 'scheduler' of type [class org.springframework.scheduling.concurrent.ThreadPoolTaskScheduler] is not eligible for getting processed by all BeanPostProcessors (for example: not eligible for auto-proxying)
2017-04-26 14:41:33,753 [main] INFO  [com.alibaba.druid.pool.DruidDataSource] - {dataSource-1} inited
2017-04-26 14:41:35,458 [main] DEBUG [com.best1.scm.modules.webapi.dao.ExpressDao.findListToFetchExpress] - ==>  Preparing: SELECT a.id AS "id", a.trackingnumber AS "trackingnumber", a.recordcreatedtime AS "recordcreatedtime", c.carrierid AS "carrierid", c.apicode AS "apicode" FROM scm_delivery_orderintransit a RIGHT JOIN scm_carrierapirelation c ON c.CARRIERID = a.selectedcarrier WHERE a.recordcreatedtime >= ? AND (a.trackingstatus = 1001 OR a.trackingstatus = 1000) AND a.deliverytype = ? AND a.subdeliverytype = ? 
2017-04-26 14:41:35,486 [main] DEBUG [com.best1.scm.modules.webapi.dao.ExpressDao.findListToFetchExpress] - ==> Parameters: 2017-04-11 14:41:35.405(Timestamp), 1002(Integer), 1001(Integer)
2017-04-26 14:41:35,504 [main] DEBUG [com.best1.scm.modules.webapi.dao.ExpressDao.findListToFetchExpress] - <==      Total: 1
2017-04-26 14:41:35,506 [main] DEBUG [com.best1.scm.modules.webapi.dao.ExpressDao.updateTrackingStatus] - ==>  Preparing: UPDATE scm_delivery_orderintransit SET trackingstatus = ?, receiptorrejecttime = ?, lastupdatedby = 6, lastupdatedtime = ? WHERE trackingnumber = ? 
2017-04-26 14:41:35,507 [main] DEBUG [com.best1.scm.modules.webapi.dao.ExpressDao.updateTrackingStatus] - ==> Parameters: 1002(Integer), 2017-04-26 14:41:35.506(Timestamp), 2017-04-26 14:41:35.506(Timestamp), 784411018140(String)
2017-04-26 14:41:36,089 [main] DEBUG [com.best1.scm.modules.webapi.dao.ExpressDao.updateTrackingStatus] - <==    Updates: 1
2017-04-26 14:41:36,091 [Thread-2] INFO  [org.springframework.context.support.GenericApplicationContext] - Closing org.springframework.context.support.GenericApplicationContext@2d8f65a4: startup date [Wed Apr 26 14:41:32 CST 2017]; root of context hierarchy
2017-04-26 14:41:36,096 [Thread-2] INFO  [com.alibaba.druid.pool.DruidDataSource] - {dataSource-1} closed
2017-04-26 14:41:36,096 [Thread-2] DEBUG [com.best1.scm.common.utils.SpringContextHolder] - 清除SpringContextHolder中的ApplicationContext:org.springframework.context.support.GenericApplicationContext@2d8f65a4: startup date [Wed Apr 26 14:41:32 CST 2017]; root of context hierarchy
2017-04-26 14:41:36,096 [Thread-2] INFO  [org.springframework.scheduling.concurrent.ThreadPoolTaskScheduler] - Shutting down ExecutorService 'scheduler'
2017-04-26 14:41:36,096 [Thread-2] INFO  [org.springframework.scheduling.concurrent.ThreadPoolTaskExecutor] - Shutting down ExecutorService
